<?xml version="1.0" encoding="UTF-8"?>
<!-- Generated by org.testng.reporters.JUnitReportReporter -->
<testsuite hostname="DESKTOP-MCNIVSJ" name="com.ea.Charactercount" tests="1" failures="0" timestamp="1 May 2019 06:45:24 GMT" time="0.027" errors="0">
  <testcase name="test2" time="0.027" classname="com.ea.Charactercount"/>
</testsuite> <!-- com.ea.Charactercount -->
